00:02:00 **** Build of configuration Debug for project ADXL345_SPI ****
make all 
Building file: ../lib/ADXL345.cpp
Invoking: Cross G++ Compiler
arm-linux-gnueabihf-g++ -I/usr/arm-linux-gnueabihf/include/c++/8 -I"/home/nekobot/Project/BeagleboneBlack_Debian/ADXL345_SPI/ADXL345_SPI/lib" -O0 -g3 -Wall -c -fmessage-length=0 -MMD -MP -MF"lib/ADXL345.d" -MT"lib/ADXL345.o" -o "lib/ADXL345.o" "../lib/ADXL345.cpp"
Finished building: ../lib/ADXL345.cpp
 
Building file: ../lib/ADXL345_SPI.cpp
Invoking: Cross G++ Compiler
arm-linux-gnueabihf-g++ -I/usr/arm-linux-gnueabihf/include/c++/8 -I"/home/nekobot/Project/BeagleboneBlack_Debian/ADXL345_SPI/ADXL345_SPI/lib" -O0 -g3 -Wall -c -fmessage-length=0 -MMD -MP -MF"lib/ADXL345_SPI.d" -MT"lib/ADXL345_SPI.o" -o "lib/ADXL345_SPI.o" "../lib/ADXL345_SPI.cpp"
Finished building: ../lib/ADXL345_SPI.cpp
 
Building file: ../lib/BusDevice.cpp
Invoking: Cross G++ Compiler
arm-linux-gnueabihf-g++ -I/usr/arm-linux-gnueabihf/include/c++/8 -I"/home/nekobot/Project/BeagleboneBlack_Debian/ADXL345_SPI/ADXL345_SPI/lib" -O0 -g3 -Wall -c -fmessage-length=0 -MMD -MP -MF"lib/BusDevice.d" -MT"lib/BusDevice.o" -o "lib/BusDevice.o" "../lib/BusDevice.cpp"
Finished building: ../lib/BusDevice.cpp
 
Building file: ../lib/SPIDevice.cpp
Invoking: Cross G++ Compiler
arm-linux-gnueabihf-g++ -I/usr/arm-linux-gnueabihf/include/c++/8 -I"/home/nekobot/Project/BeagleboneBlack_Debian/ADXL345_SPI/ADXL345_SPI/lib" -O0 -g3 -Wall -c -fmessage-length=0 -MMD -MP -MF"lib/SPIDevice.d" -MT"lib/SPIDevice.o" -o "lib/SPIDevice.o" "../lib/SPIDevice.cpp"
Finished building: ../lib/SPIDevice.cpp
 
Building target: ADXL345_SPI
Invoking: Cross G++ Linker
arm-linux-gnueabihf-g++  -o "ADXL345_SPI"  ./lib/ADXL345.o ./lib/ADXL345_SPI.o ./lib/BusDevice.o ./lib/SPIDevice.o   
Finished building target: ADXL345_SPI
 
00:04:43 **** Incremental Build of configuration Debug for project ADXL345_SPI ****
make all 
Building file: ../lib/SPIDevice.cpp
Invoking: Cross G++ Compiler
arm-linux-gnueabihf-g++ -I/usr/arm-linux-gnueabihf/include/c++/8 -I"/home/nekobot/Project/BeagleboneBlack_Debian/ADXL345_SPI/ADXL345_SPI/lib" -O0 -g3 -Wall -c -fmessage-length=0 -MMD -MP -MF"lib/SPIDevice.d" -MT"lib/SPIDevice.o" -o "lib/SPIDevice.o" "../lib/SPIDevice.cpp"
Finished building: ../lib/SPIDevice.cpp
 
Building target: ADXL345_SPI
Invoking: Cross G++ Linker
arm-linux-gnueabihf-g++  -o "ADXL345_SPI"  ./lib/ADXL345.o ./lib/ADXL345_SPI.o ./lib/BusDevice.o ./lib/SPIDevice.o   
Finished building target: ADXL345_SPI
 
00:05:22 **** Incremental Build of configuration Debug for project ADXL345_SPI ****
make all 
Building file: ../lib/SPIDevice.cpp
Invoking: Cross G++ Compiler
arm-linux-gnueabihf-g++ -I/usr/arm-linux-gnueabihf/include/c++/8 -I"/home/nekobot/Project/BeagleboneBlack_Debian/ADXL345_SPI/ADXL345_SPI/lib" -O0 -g3 -Wall -c -fmessage-length=0 -MMD -MP -MF"lib/SPIDevice.d" -MT"lib/SPIDevice.o" -o "lib/SPIDevice.o" "../lib/SPIDevice.cpp"
Finished building: ../lib/SPIDevice.cpp
 
Building target: ADXL345_SPI
Invoking: Cross G++ Linker
arm-linux-gnueabihf-g++  -o "ADXL345_SPI"  ./lib/ADXL345.o ./lib/ADXL345_SPI.o ./lib/BusDevice.o ./lib/SPIDevice.o   
Finished building target: ADXL345_SPI
 
00:10:28 **** Incremental Build of configuration Debug for project ADXL345_SPI ****
make all 
Building file: ../lib/SPIDevice.cpp
Invoking: Cross G++ Compiler
arm-linux-gnueabihf-g++ -I/usr/arm-linux-gnueabihf/include/c++/8 -I"/home/nekobot/Project/BeagleboneBlack_Debian/ADXL345_SPI/ADXL345_SPI/lib" -O0 -g3 -Wall -c -fmessage-length=0 -MMD -MP -MF"lib/SPIDevice.d" -MT"lib/SPIDevice.o" -o "lib/SPIDevice.o" "../lib/SPIDevice.cpp"
Finished building: ../lib/SPIDevice.cpp
 
Building target: ADXL345_SPI
Invoking: Cross G++ Linker
arm-linux-gnueabihf-g++  -o "ADXL345_SPI"  ./lib/ADXL345.o ./lib/ADXL345_SPI.o ./lib/BusDevice.o ./lib/SPIDevice.o   
Finished building target: ADXL345_SPI
 
00:13:41 **** Incremental Build of configuration Debug for project ADXL345_SPI ****
make all 
Building file: ../lib/SPIDevice.cpp
Invoking: Cross G++ Compiler
arm-linux-gnueabihf-g++ -I/usr/arm-linux-gnueabihf/include/c++/8 -I"/home/nekobot/Project/BeagleboneBlack_Debian/ADXL345_SPI/ADXL345_SPI/lib" -O0 -g3 -Wall -c -fmessage-length=0 -MMD -MP -MF"lib/SPIDevice.d" -MT"lib/SPIDevice.o" -o "lib/SPIDevice.o" "../lib/SPIDevice.cpp"
Finished building: ../lib/SPIDevice.cpp
 
Building target: ADXL345_SPI
Invoking: Cross G++ Linker
arm-linux-gnueabihf-g++  -o "ADXL345_SPI"  ./lib/ADXL345.o ./lib/ADXL345_SPI.o ./lib/BusDevice.o ./lib/SPIDevice.o   
Finished building target: ADXL345_SPI
 
00:15:32 **** Incremental Build of configuration Debug for project ADXL345_SPI ****
make all 
Building file: ../lib/SPIDevice.cpp
Invoking: Cross G++ Compiler
arm-linux-gnueabihf-g++ -I/usr/arm-linux-gnueabihf/include/c++/8 -I"/home/nekobot/Project/BeagleboneBlack_Debian/ADXL345_SPI/ADXL345_SPI/lib" -O0 -g3 -Wall -c -fmessage-length=0 -MMD -MP -MF"lib/SPIDevice.d" -MT"lib/SPIDevice.o" -o "lib/SPIDevice.o" "../lib/SPIDevice.cpp"
Finished building: ../lib/SPIDevice.cpp
 
Building target: ADXL345_SPI
Invoking: Cross G++ Linker
arm-linux-gnueabihf-g++  -o "ADXL345_SPI"  ./lib/ADXL345.o ./lib/ADXL345_SPI.o ./lib/BusDevice.o ./lib/SPIDevice.o   
Finished building target: ADXL345_SPI
 
00:17:01 **** Incremental Build of configuration Debug for project ADXL345_SPI ****
make all 
Building file: ../lib/SPIDevice.cpp
Invoking: Cross G++ Compiler
arm-linux-gnueabihf-g++ -I/usr/arm-linux-gnueabihf/include/c++/8 -I"/home/nekobot/Project/BeagleboneBlack_Debian/ADXL345_SPI/ADXL345_SPI/lib" -O0 -g3 -Wall -c -fmessage-length=0 -MMD -MP -MF"lib/SPIDevice.d" -MT"lib/SPIDevice.o" -o "lib/SPIDevice.o" "../lib/SPIDevice.cpp"
Finished building: ../lib/SPIDevice.cpp
 
Building target: ADXL345_SPI
Invoking: Cross G++ Linker
arm-linux-gnueabihf-g++  -o "ADXL345_SPI"  ./lib/ADXL345.o ./lib/ADXL345_SPI.o ./lib/BusDevice.o ./lib/SPIDevice.o   
Finished building target: ADXL345_SPI
 
00:19:30 **** Incremental Build of configuration Debug for project ADXL345_SPI ****
make all 
Building file: ../lib/SPIDevice.cpp
Invoking: Cross G++ Compiler
arm-linux-gnueabihf-g++ -I/usr/arm-linux-gnueabihf/include/c++/8 -I"/home/nekobot/Project/BeagleboneBlack_Debian/ADXL345_SPI/ADXL345_SPI/lib" -O0 -g3 -Wall -c -fmessage-length=0 -MMD -MP -MF"lib/SPIDevice.d" -MT"lib/SPIDevice.o" -o "lib/SPIDevice.o" "../lib/SPIDevice.cpp"
Finished building: ../lib/SPIDevice.cpp
 
Building target: ADXL345_SPI
Invoking: Cross G++ Linker
arm-linux-gnueabihf-g++  -o "ADXL345_SPI"  ./lib/ADXL345.o ./lib/ADXL345_SPI.o ./lib/BusDevice.o ./lib/SPIDevice.o   
Finished building target: ADXL345_SPI
 
00:20:25 **** Incremental Build of configuration Debug for project ADXL345_SPI ****
make all 
make: Nothing to be done for 'all'.
00:31:40 **** Incremental Build of configuration Debug for project ADXL345_SPI ****
make all 
Building file: ../lib/ADXL345_SPI.cpp
Invoking: Cross G++ Compiler
arm-linux-gnueabihf-g++ -I/usr/arm-linux-gnueabihf/include/c++/8 -I"/home/nekobot/Project/BeagleboneBlack_Debian/ADXL345_SPI/ADXL345_SPI/lib" -O0 -g3 -Wall -c -fmessage-length=0 -MMD -MP -MF"lib/ADXL345_SPI.d" -MT"lib/ADXL345_SPI.o" -o "lib/ADXL345_SPI.o" "../lib/ADXL345_SPI.cpp"
Finished building: ../lib/ADXL345_SPI.cpp
 
Building target: ADXL345_SPI
Invoking: Cross G++ Linker
arm-linux-gnueabihf-g++  -o "ADXL345_SPI"  ./lib/ADXL345.o ./lib/ADXL345_SPI.o ./lib/BusDevice.o ./lib/SPIDevice.o   
Finished building target: ADXL345_SPI
 
